Сборка начата 19.04.2025 12:08:11.
Уровень детализации журнала: Normal.     1>Проект "D:\Бгту\2 семестр\ОАИП\ЛР 5-7\ЛР7\ЛР7\ЛР7.vcxproj" в узле 2 (целевые объекты Build).
     1>PrepareForBuild:
         Структурированный вывод включен. Форматирование диагностики компилятора будет отражать иерархию ошибок. Подробнее см. https://aka.ms/cpp/structured-output.
       InitializeBuildStatus:
         Обращение к "x64\Debug\ЛР7.tlog\unsuccessfulbuild".
       ClCompile:
         C:\Program Files\Microsoft Visual Studio\2022\Community\VC\Tools\MSVC\14.42.34433\bin\HostX64\x64\CL.exe /c /ZI /JMC /nologo /W3 /WX- /diagnostics:column /sdl /Od /D _DEBUG /D _CONSOLE /D _UNICODE /D UNICODE /Gm- /EHsc /RTC1 /MDd /GS /fp:precise /Zc:wchar_t /Zc:forScope /Zc:inline /permissive- /Fo"x64\Debug\\" /Fd"x64\Debug\vc143.pdb" /external:W3 /Gd /TP /FC /errorReport:prompt stack.cpp
         stack.cpp
       Link:
         C:\Program Files\Microsoft Visual Studio\2022\Community\VC\Tools\MSVC\14.42.34433\bin\HostX64\x64\link.exe /ERRORREPORT:PROMPT /OUT:"D:\Бгту\2 семестр\ОАИП\ЛР 5-7\ЛР7\x64\Debug\ЛР7.exe" /INCREMENTAL /ILK:"x64\Debug\ЛР7.ilk" /NOLOGO kernel32.lib user32.lib gdi32.lib winspool.lib comdlg32.lib advapi32.lib shell32.lib ole32.lib oleaut32.lib uuid.lib odbc32.lib odbccp32.lib /MANIFEST /MANIFESTUAC:"level='asInvoker' uiAccess='false'" /manifest:embed /DEBUG /PDB:"D:\Бгту\2 семестр\ОАИП\ЛР 5-7\ЛР7\x64\Debug\ЛР7.pdb" /SUBSYSTEM:CONSOLE /TLBID:1 /DYNAMICBASE /NXCOMPAT /IMPLIB:"D:\Бгту\2 семестр\ОАИП\ЛР 5-7\ЛР7\x64\Debug\ЛР7.lib" /MACHINE:X64 x64\Debug\main.obj
         x64\Debug\stack.obj
         ЛР7.vcxproj -> D:\Бгту\2 семестр\ОАИП\ЛР 5-7\ЛР7\x64\Debug\ЛР7.exe
       TlogCleanup:
         Следующие элементы будут удалены из tlogs, так как они были удалены из проекта или сборки: D:\Бгту\2 семестр\ОАИП\ЛР 5-7\ЛР7\ЛР7\x64\Debug\ЛР7.obj.
       FinalizeBuildStatus:
         Файл "x64\Debug\ЛР7.tlog\unsuccessfulbuild" удаляется.
         Обращение к "x64\Debug\ЛР7.tlog\ЛР7.lastbuildstate".
     1>Сборка проекта "D:\Бгту\2 семестр\ОАИП\ЛР 5-7\ЛР7\ЛР7\ЛР7.vcxproj" завершена (целевые объекты Build).

Сборка успешно завершена.
    Предупреждений: 0
    Ошибок: 0

Прошло времени 00:00:03.61
